
Grammar
rule 1    SSO -> SSO '{' OBJ '}'
rule 2    SSO -> '{' OBJ '}'
rule 3    OBJ -> OBJ PRP ';'
rule 4    OBJ -> PRP ';'
rule 5    PRP -> ID '=' VAL
rule 6    VAL -> VAL ID
rule 7    VAL -> ID

Terminals, with rules where they appear

$ (-1)
';' (59) 3 4
'=' (61) 5
'{' (123) 1 2
'}' (125) 1 2
error (256)
ID (258) 5 6 7

Nonterminals, with rules where they appear

SSO (8)
    on left: 1 2, on right: 1
OBJ (9)
    on left: 3 4, on right: 1 2 3
PRP (10)
    on left: 5, on right: 3 4
VAL (11)
    on left: 6 7, on right: 5 6


state 0

    '{' 	shift, and go to state 1

    SSO 	go to state 2



state 1

    SSO  ->  '{' . OBJ '}'   (rule 2)

    ID  	shift, and go to state 3

    OBJ 	go to state 4
    PRP 	go to state 5



state 2

    SSO  ->  SSO . '{' OBJ '}'   (rule 1)

    $   	go to state 17
    '{' 	shift, and go to state 6



state 3

    PRP  ->  ID . '=' VAL   (rule 5)

    '=' 	shift, and go to state 7



state 4

    SSO  ->  '{' OBJ . '}'   (rule 2)
    OBJ  ->  OBJ . PRP ';'   (rule 3)

    ID  	shift, and go to state 3
    '}' 	shift, and go to state 8

    PRP 	go to state 9



state 5

    OBJ  ->  PRP . ';'   (rule 4)

    ';' 	shift, and go to state 10



state 6

    SSO  ->  SSO '{' . OBJ '}'   (rule 1)

    ID  	shift, and go to state 3

    OBJ 	go to state 11
    PRP 	go to state 5



state 7

    PRP  ->  ID '=' . VAL   (rule 5)

    ID  	shift, and go to state 12

    VAL 	go to state 13



state 8

    SSO  ->  '{' OBJ '}' .   (rule 2)

    $default	reduce using rule 2 (SSO)



state 9

    OBJ  ->  OBJ PRP . ';'   (rule 3)

    ';' 	shift, and go to state 14



state 10

    OBJ  ->  PRP ';' .   (rule 4)

    $default	reduce using rule 4 (OBJ)



state 11

    SSO  ->  SSO '{' OBJ . '}'   (rule 1)
    OBJ  ->  OBJ . PRP ';'   (rule 3)

    ID  	shift, and go to state 3
    '}' 	shift, and go to state 15

    PRP 	go to state 9



state 12

    VAL  ->  ID .   (rule 7)

    $default	reduce using rule 7 (VAL)



state 13

    PRP  ->  ID '=' VAL .   (rule 5)
    VAL  ->  VAL . ID   (rule 6)

    ID  	shift, and go to state 16

    $default	reduce using rule 5 (PRP)



state 14

    OBJ  ->  OBJ PRP ';' .   (rule 3)

    $default	reduce using rule 3 (OBJ)



state 15

    SSO  ->  SSO '{' OBJ '}' .   (rule 1)

    $default	reduce using rule 1 (SSO)



state 16

    VAL  ->  VAL ID .   (rule 6)

    $default	reduce using rule 6 (VAL)



state 17

    $   	go to state 18



state 18

    $default	accept
